Using pre-set license
Built from '2020.3/staging' branch; Version is '2020.3.11f1 (99c7afb366b3) revision 10078127'; Using compiler version '192528614'; Build Type 'Release'
OS: 'Windows 10 Home; OS build 19044.1645; Version 2009; 64bit' Language: 'es' Physical Memory: 16230 MB
BatchMode: 1, IsHumanControllingUs: 0, StartBugReporterOnCrash: 0, Is64bit: 1, IsPro: 0

 COMMAND LINE ARGUMENTS:
D:\Unity\2020.3.11f1\Editor\Unity.exe
-adb2
-batchMode
-noUpm
-name
AssetImportWorker0
-projectPath
D:/Github/Furries-Annihilation/Furries Annihilation
-logFile
Logs/AssetImportWorker0.log
-srvPort
59442
Successfully changed project path to: D:/Github/Furries-Annihilation/Furries Annihilation
D:/Github/Furries-Annihilation/Furries Annihilation
Using Asset Import Pipeline V2.
Refreshing native plugins compatible for Editor in 165.56 ms, found 6 plugins.
Preloading 1 native plugins for Editor in 1.40 ms.
Initialize engine version: 2020.3.11f1 (99c7afb366b3)
[Subsystems] Discovering subsystems at path D:/Unity/2020.3.11f1/Editor/Data/Resources/UnitySubsystems
[Subsystems] Discovering subsystems at path D:/Github/Furries-Annihilation/Furries Annihilation/Assets
GfxDevice: creating device client; threaded=0
Direct3D:
    Version:  Direct3D 11.0 [level 11.1]
    Renderer: NVIDIA GeForce GTX 1060 (ID=0x1c20)
    Vendor:   
    VRAM:     6052 MB
    Driver:   27.21.14.6192
Shader 'Oculus/OVRMRCameraFrameLit': fallback shader 'Alpha-Diffuse' not found
Initialize mono
Mono path[0] = 'D:/Unity/2020.3.11f1/Editor/Data/Managed'
Mono path[1] = 'D:/Unity/2020.3.11f1/Editor/Data/MonoBleedingEdge/lib/mono/unityjit'
Mono config path = 'D:/Unity/2020.3.11f1/Editor/Data/MonoBleedingEdge/etc'
Using monoOptions --debugger-agent=transport=dt_socket,embedding=1,server=y,suspend=n,address=127.0.0.1:56968
Begin MonoManager ReloadAssembly
Registering precompiled unity dll's ...
Register platform support module: D:/Unity/2020.3.11f1/Editor/Data/PlaybackEngines/WindowsStandaloneSupport/UnityEditor.WindowsStandalone.Extensions.dll
Registered in 0.001349 seconds.
Native extension for WindowsStandalone target not found
Refreshing native plugins compatible for Editor in 99.27 ms, found 6 plugins.
Preloading 1 native plugins for Editor in 0.04 ms.
Mono: successfully reloaded assembly
- Completed reload, in  2.250 seconds
Platform modules already initialized, skipping
Registering precompiled user dll's ...
Registered in 0.007302 seconds.
Begin MonoManager ReloadAssembly
Native extension for WindowsStandalone target not found
Refreshing native plugins compatible for Editor in 176.13 ms, found 6 plugins.
Preloading 1 native plugins for Editor in 0.05 ms.
[XR] OculusXRPlugin: registering subsystems
[XR] Unable to register display lifecyle provider: [1]
[XR] Oculus Input lifecycle provider registered.
[XR] Unable to register input lifecyle provider: [1]
[XR] OVRP version 1.71.0
Mono: successfully reloaded assembly
- Completed reload, in  2.476 seconds
Platform modules already initialized, skipping
========================================================================
Worker process is ready to serve import requests
Shader 'Oculus/OVRMRCameraFrameLit': fallback shader 'Alpha-Diffuse' not found
Launched and connected shader compiler UnityShaderCompiler.exe after 0.07 seconds
Refreshing native plugins compatible for Editor in 1.92 ms, found 6 plugins.
Preloading 1 native plugins for Editor in 0.10 ms.
Unloading 4029 Unused Serialized files (Serialized files now loaded: 0)
System memory in use before: 160.2 MB.
System memory in use after: 160.4 MB.

Unloading 45 unused Assets to reduce memory usage. Loaded Objects now: 4446.
Total: 4.197300 ms (FindLiveObjects: 0.548700 ms CreateObjectMapping: 0.378600 ms MarkObjects: 3.141000 ms  DeleteObjects: 0.127100 ms)

========================================================================
Received Import Request.
  path: Assets/NewLayer.terrainlayer
  artifactKey: Guid(f68c8103f688c4543a1bc434efd29b78) Importer(815301076,1909f56bfc062723c751e8b465ee728b)
Start importing Assets/NewLayer.terrainlayer using Guid(f68c8103f688c4543a1bc434efd29b78) Importer(815301076,1909f56bfc062723c751e8b465ee728b)  -> (artifact id: 'b9920586a49508c4ded4c957820e0535') in 0.091799 seconds
  Import took 0.098535 seconds .

========================================================================
Received Import Request.
  Time since last request: 0.000359 seconds.
  path: Assets/New Terrain.asset
  artifactKey: Guid(baa29905d63b4ca41b87f789c0c9a572) Importer(815301076,1909f56bfc062723c751e8b465ee728b)
Start importing Assets/New Terrain.asset using Guid(baa29905d63b4ca41b87f789c0c9a572) Importer(815301076,1909f56bfc062723c751e8b465ee728b)  -> (artifact id: '53cd77030258463f5034caf60818e042') in 0.052608 seconds
  Import took 0.059640 seconds .

========================================================================
Received Import Request.
  Time since last request: 135.610835 seconds.
  path: Assets/BrokenVector/LowPolyRockPack/Textures/Colorsheet Rock Grey.png
  artifactKey: Guid(6eb1476b439514548903a089becbf46a) Importer(815301076,1909f56bfc062723c751e8b465ee728b)
Start importing Assets/BrokenVector/LowPolyRockPack/Textures/Colorsheet Rock Grey.png using Guid(6eb1476b439514548903a089becbf46a) Importer(815301076,1909f56bfc062723c751e8b465ee728b)  -> (artifact id: '9f820bd2dfd6ec60298ba0a5a27db10a') in 0.071482 seconds
  Import took 0.078765 seconds .

========================================================================
Received Import Request.
  Time since last request: 4.952395 seconds.
  path: Assets/Game
  artifactKey: Guid(69919bcd0531868428d0e8fd31821294) Importer(815301076,1909f56bfc062723c751e8b465ee728b)
Start importing Assets/Game using Guid(69919bcd0531868428d0e8fd31821294) Importer(815301076,1909f56bfc062723c751e8b465ee728b)  -> (artifact id: '377189457207c4baafc39eeda20b3f7c') in 0.005479 seconds
  Import took 0.011669 seconds .

========================================================================
Received Import Request.
  Time since last request: 3.981501 seconds.
  path: Assets/MTT_Results
  artifactKey: Guid(9dc0cfc8cc716304bae9c1374545b60b) Importer(815301076,1909f56bfc062723c751e8b465ee728b)
Start importing Assets/MTT_Results using Guid(9dc0cfc8cc716304bae9c1374545b60b) Importer(815301076,1909f56bfc062723c751e8b465ee728b)  -> (artifact id: '6f4d5ac68ea78dc363b8dbcae6d39be3') in 0.005520 seconds
  Import took 0.011807 seconds .

========================================================================
Received Import Request.
  Time since last request: 1.158836 seconds.
  path: Assets/MTT_Results/2022-05-09 11-45
  artifactKey: Guid(c07c00a45e09abc4cae0d1cb7537a2f4) Importer(815301076,1909f56bfc062723c751e8b465ee728b)
Start importing Assets/MTT_Results/2022-05-09 11-45 using Guid(c07c00a45e09abc4cae0d1cb7537a2f4) Importer(815301076,1909f56bfc062723c751e8b465ee728b)  -> (artifact id: '8eb28326cd1c4e221ae45122db898c2e') in 0.005047 seconds
  Import took 0.012214 seconds .

========================================================================
Received Import Request.
  Time since last request: 0.048676 seconds.
  path: Assets/MTT_Results/2022-05-09 11-45/Terrain 0x0.asset
  artifactKey: Guid(85439a11bc5d99740afdeb59c684bf48) Importer(815301076,1909f56bfc062723c751e8b465ee728b)
Start importing Assets/MTT_Results/2022-05-09 11-45/Terrain 0x0.asset using Guid(85439a11bc5d99740afdeb59c684bf48) Importer(815301076,1909f56bfc062723c751e8b465ee728b) The tree tree_01 must use the Nature/Soft Occlusion shader. Otherwise billboarding/lighting will not work correctly.

The tree tree_01 must use the Nature/Soft Occlusion shader. Otherwise billboarding/lighting will not work correctly.

The tree tree_02 must use the Nature/Soft Occlusion shader. Otherwise billboarding/lighting will not work correctly.

The tree tree_02 must use the Nature/Soft Occlusion shader. Otherwise billboarding/lighting will not work correctly.

The tree tree_03 must use the Nature/Soft Occlusion shader. Otherwise billboarding/lighting will not work correctly.

The tree tree_03 must use the Nature/Soft Occlusion shader. Otherwise billboarding/lighting will not work correctly.

The tree tree_04 must use the Nature/Soft Occlusion shader. Otherwise billboarding/lighting will not work correctly.

The tree tree_04 must use the Nature/Soft Occlusion shader. Otherwise billboarding/lighting will not work correctly.

 -> (artifact id: 'fd29bcf3915c370d03c79acbe92c7c76') in 0.011039 seconds
  Import took 0.017538 seconds .

========================================================================
Received Import Request.
  Time since last request: 4.199223 seconds.
  path: Assets/BOXOPHOBIC
  artifactKey: Guid(555f3afac0383ff498307d86066117f8) Importer(815301076,1909f56bfc062723c751e8b465ee728b)
Start importing Assets/BOXOPHOBIC using Guid(555f3afac0383ff498307d86066117f8) Importer(815301076,1909f56bfc062723c751e8b465ee728b)  -> (artifact id: '948be636e13eb5489389d8ed9f879404') in 0.005348 seconds
  Import took 0.011688 seconds .

========================================================================
Received Import Request.
  Time since last request: 5.720274 seconds.
  path: Assets/BrokenVector
  artifactKey: Guid(f4c356943ec0250419616654a380df02) Importer(815301076,1909f56bfc062723c751e8b465ee728b)
Start importing Assets/BrokenVector using Guid(f4c356943ec0250419616654a380df02) Importer(815301076,1909f56bfc062723c751e8b465ee728b)  -> (artifact id: 'b00f5bfe4791def84fd3972504370052') in 0.005430 seconds
  Import took 0.011921 seconds .

========================================================================
Received Import Request.
  Time since last request: 2.440748 seconds.
  path: Assets/BrokenVector/LowPolyRockPack
  artifactKey: Guid(fb6ca30714ea3ea489f5394dcfaf59e1) Importer(815301076,1909f56bfc062723c751e8b465ee728b)
Start importing Assets/BrokenVector/LowPolyRockPack using Guid(fb6ca30714ea3ea489f5394dcfaf59e1) Importer(815301076,1909f56bfc062723c751e8b465ee728b)  -> (artifact id: '008db9b075652bd35e1d5329c4d231d1') in 0.005372 seconds
  Import took 0.012688 seconds .

========================================================================
Received Import Request.
  Time since last request: 0.001200 seconds.
  path: Assets/BrokenVector/LowPolyRockPack
  artifactKey: Guid(fb6ca30714ea3ea489f5394dcfaf59e1) Importer(815301076,1909f56bfc062723c751e8b465ee728b)
Start importing Assets/BrokenVector/LowPolyRockPack using Guid(fb6ca30714ea3ea489f5394dcfaf59e1) Importer(815301076,1909f56bfc062723c751e8b465ee728b)  -> (artifact id: '008db9b075652bd35e1d5329c4d231d1') in 0.005170 seconds
  Import took 0.011903 seconds .

========================================================================
Received Import Request.
  Time since last request: 4.352703 seconds.
  path: Assets/Resources
  artifactKey: Guid(6e2771882eab1ec41900458605f629d2) Importer(815301076,1909f56bfc062723c751e8b465ee728b)
Start importing Assets/Resources using Guid(6e2771882eab1ec41900458605f629d2) Importer(815301076,1909f56bfc062723c751e8b465ee728b)  -> (artifact id: '79fab883fbe3f761d544ba0d2c19e3c6') in 0.034350 seconds
  Import took 0.040501 seconds .

========================================================================
Received Import Request.
  Time since last request: 0.414778 seconds.
  path: Assets/Resources/ONSPSettings.asset
  artifactKey: Guid(8ea6e74869a209a40bb978fb2bd28754) Importer(815301076,1909f56bfc062723c751e8b465ee728b)
Start importing Assets/Resources/ONSPSettings.asset using Guid(8ea6e74869a209a40bb978fb2bd28754) Importer(815301076,1909f56bfc062723c751e8b465ee728b)  -> (artifact id: '264917a0fff7237952ff7fdf89e7f6fe') in 0.007531 seconds
  Import took 0.014067 seconds .

========================================================================
Received Import Request.
  Time since last request: 0.000354 seconds.
  path: Assets/Resources/OVRPlatformToolSettings.asset
  artifactKey: Guid(da1c8698186c42b4db096cee8f646e3a) Importer(815301076,1909f56bfc062723c751e8b465ee728b)
Start importing Assets/Resources/OVRPlatformToolSettings.asset using Guid(da1c8698186c42b4db096cee8f646e3a) Importer(815301076,1909f56bfc062723c751e8b465ee728b)  -> (artifact id: '03cfe9d9571faf80a777ee6a2c0261ec') in 0.008266 seconds
  Import took 0.014976 seconds .

========================================================================
Received Import Request.
  Time since last request: 7.250064 seconds.
  path: Assets/LevelManager.cs
  artifactKey: Guid(2e465e6f125d0c342bdf1550fee6c3b8) Importer(815301076,1909f56bfc062723c751e8b465ee728b)
Start importing Assets/LevelManager.cs using Guid(2e465e6f125d0c342bdf1550fee6c3b8) Importer(815301076,1909f56bfc062723c751e8b465ee728b)  -> (artifact id: 'def112074083c272c7e6dedc29a80f1a') in 0.036173 seconds
  Import took 0.042163 seconds .

========================================================================
Received Import Request.
  Time since last request: 0.008951 seconds.
  path: Assets/LevelManager.cs
  artifactKey: Guid(2e465e6f125d0c342bdf1550fee6c3b8) Importer(815301076,1909f56bfc062723c751e8b465ee728b)
Start importing Assets/LevelManager.cs using Guid(2e465e6f125d0c342bdf1550fee6c3b8) Importer(815301076,1909f56bfc062723c751e8b465ee728b)  -> (artifact id: 'def112074083c272c7e6dedc29a80f1a') in 0.002772 seconds
  Import took 0.009313 seconds .

========================================================================
Received Import Request.
  Time since last request: 28.252326 seconds.
  path: Assets/Game/Scenes
  artifactKey: Guid(878326448056161419adade43cf59a10) Importer(815301076,1909f56bfc062723c751e8b465ee728b)
Start importing Assets/Game/Scenes using Guid(878326448056161419adade43cf59a10) Importer(815301076,1909f56bfc062723c751e8b465ee728b)  -> (artifact id: 'a825162c655ecef937579afc2d7848f6') in 0.005331 seconds
  Import took 0.011525 seconds .

========================================================================
Received Import Request.
  Time since last request: 4.424554 seconds.
  path: Assets/Game/Materials
  artifactKey: Guid(66dafb99f7d97a548b49141c05e36713) Importer(815301076,1909f56bfc062723c751e8b465ee728b)
Start importing Assets/Game/Materials using Guid(66dafb99f7d97a548b49141c05e36713) Importer(815301076,1909f56bfc062723c751e8b465ee728b)  -> (artifact id: 'c2b98e0208cf0706de245ce56110ba20') in 0.005457 seconds
  Import took 0.013713 seconds .

========================================================================
Received Import Request.
  Time since last request: 0.040460 seconds.
  path: Assets/Game/Materials/Black.mat
  artifactKey: Guid(f24ffd9d08c61bd4aa032336e38dfa3e) Importer(815301076,1909f56bfc062723c751e8b465ee728b)
Start importing Assets/Game/Materials/Black.mat using Guid(f24ffd9d08c61bd4aa032336e38dfa3e) Importer(815301076,1909f56bfc062723c751e8b465ee728b)  -> (artifact id: '2693c77104a8ddde5c082886d16d904b') in 1.268681 seconds
  Import took 1.275001 seconds .

========================================================================
Received Import Request.
  Time since last request: 0.000245 seconds.
  path: Assets/Game/Materials/stylized-grass1_normal-ogl.png
  artifactKey: Guid(d63cffb3ea9fbb64fb1f6503e2987eb6) Importer(815301076,1909f56bfc062723c751e8b465ee728b)
Start importing Assets/Game/Materials/stylized-grass1_normal-ogl.png using Guid(d63cffb3ea9fbb64fb1f6503e2987eb6) Importer(815301076,1909f56bfc062723c751e8b465ee728b)  -> (artifact id: '995b2c306048bd84c394a9b94045fa3c') in 0.018092 seconds
  Import took 0.024088 seconds .

========================================================================
Received Import Request.
  Time since last request: 0.000326 seconds.
  path: Assets/Game/Materials/bRIDGE.mat
  artifactKey: Guid(772163f9ce8be2342ae72388e56f450c) Importer(815301076,1909f56bfc062723c751e8b465ee728b)
Start importing Assets/Game/Materials/bRIDGE.mat using Guid(772163f9ce8be2342ae72388e56f450c) Importer(815301076,1909f56bfc062723c751e8b465ee728b)  -> (artifact id: '58703e8d671a78b4ff40b9121e23e0ac') in 0.201606 seconds
  Import took 0.208022 seconds .

========================================================================
Received Import Request.
  Time since last request: 0.000318 seconds.
  path: Assets/Game/Materials/NewLayer.terrainlayer
  artifactKey: Guid(0b3245a5aeadf114f89ea12abbc7007f) Importer(815301076,1909f56bfc062723c751e8b465ee728b)
Start importing Assets/Game/Materials/NewLayer.terrainlayer using Guid(0b3245a5aeadf114f89ea12abbc7007f) Importer(815301076,1909f56bfc062723c751e8b465ee728b)  -> (artifact id: '238987224dcf452399b9296e5430f10b') in 0.025071 seconds
  Import took 0.031450 seconds .

========================================================================
Received Import Request.
  Time since last request: 0.000268 seconds.
  path: Assets/Game/Materials/stylized-grass1_height.png
  artifactKey: Guid(48b95f9176cd7344a8a7bcb58dac6a8e) Importer(815301076,1909f56bfc062723c751e8b465ee728b)
Start importing Assets/Game/Materials/stylized-grass1_height.png using Guid(48b95f9176cd7344a8a7bcb58dac6a8e) Importer(815301076,1909f56bfc062723c751e8b465ee728b)  -> (artifact id: 'a9302864dd0f778f7024bdb47ea950aa') in 0.016098 seconds
  Import took 0.022355 seconds .

========================================================================
Received Import Request.
  Time since last request: 0.000261 seconds.
  path: Assets/Game/Materials/stylized-grass1_metallic.psd
  artifactKey: Guid(5044f4b45ac1a4542b6fc4e585df971c) Importer(815301076,1909f56bfc062723c751e8b465ee728b)
Start importing Assets/Game/Materials/stylized-grass1_metallic.psd using Guid(5044f4b45ac1a4542b6fc4e585df971c) Importer(815301076,1909f56bfc062723c751e8b465ee728b)  -> (artifact id: 'ca5faaf416ddf4c7e7d852e3274ce544') in 0.036251 seconds
  Import took 0.043202 seconds .

========================================================================
Received Import Request.
  Time since last request: 0.000281 seconds.
  path: Assets/Game/Materials/NewLayer 2.terrainlayer
  artifactKey: Guid(68ce3ac2b3995db49b87ce2782c4ba8c) Importer(815301076,1909f56bfc062723c751e8b465ee728b)
Start importing Assets/Game/Materials/NewLayer 2.terrainlayer using Guid(68ce3ac2b3995db49b87ce2782c4ba8c) Importer(815301076,1909f56bfc062723c751e8b465ee728b)  -> (artifact id: 'de4c8c579bb7b27fa5c53c312331480b') in 0.009271 seconds
  Import took 0.015692 seconds .

========================================================================
Received Import Request.
  Time since last request: 0.000312 seconds.
  path: Assets/Game/Materials/stylized-grass1_ao.png
  artifactKey: Guid(1ee7bea7d919b0d4eb9f99ca3cbc0a83) Importer(815301076,1909f56bfc062723c751e8b465ee728b)
Start importing Assets/Game/Materials/stylized-grass1_ao.png using Guid(1ee7bea7d919b0d4eb9f99ca3cbc0a83) Importer(815301076,1909f56bfc062723c751e8b465ee728b)  -> (artifact id: '0d3ab455328766adf3be83381b929d96') in 0.023481 seconds
  Import took 0.030590 seconds .

========================================================================
Received Import Request.
  Time since last request: 0.000287 seconds.
  path: Assets/Game/Materials/NewLayer 1.terrainlayer
  artifactKey: Guid(0c82edc476e7913458c4e46203fd4486) Importer(815301076,1909f56bfc062723c751e8b465ee728b)
Start importing Assets/Game/Materials/NewLayer 1.terrainlayer using Guid(0c82edc476e7913458c4e46203fd4486) Importer(815301076,1909f56bfc062723c751e8b465ee728b)  -> (artifact id: '382e1143370663b45804a9a2cf1ed9f9') in 0.013175 seconds
  Import took 0.019856 seconds .

========================================================================
Received Import Request.
  Time since last request: 0.000317 seconds.
  path: Assets/Game/Materials/stylized-grass1_albedo.png
  artifactKey: Guid(3f2ab11f215d9f5499287b5c0202bd12) Importer(815301076,1909f56bfc062723c751e8b465ee728b)
Start importing Assets/Game/Materials/stylized-grass1_albedo.png using Guid(3f2ab11f215d9f5499287b5c0202bd12) Importer(815301076,1909f56bfc062723c751e8b465ee728b)  -> (artifact id: '826f0ba9a4db42cc684ff50ad2fe7013') in 0.023229 seconds
  Import took 0.029545 seconds .

========================================================================
Received Import Request.
  Time since last request: 2.759472 seconds.
  path: Assets/Game/Prefabs
  artifactKey: Guid(be4d69092f07dd94093de8a82d779631) Importer(815301076,1909f56bfc062723c751e8b465ee728b)
Start importing Assets/Game/Prefabs using Guid(be4d69092f07dd94093de8a82d779631) Importer(815301076,1909f56bfc062723c751e8b465ee728b)  -> (artifact id: 'bf566e7c8c3d001a4b6cdd4cf4a6228b') in 0.004975 seconds
  Import took 0.011905 seconds .

========================================================================
Received Import Request.
  Time since last request: 0.162316 seconds.
  path: Assets/Game/Prefabs/bridge.fbx
  artifactKey: Guid(462170a716c14b24fb5d727012b93157) Importer(815301076,1909f56bfc062723c751e8b465ee728b)
Start importing Assets/Game/Prefabs/bridge.fbx using Guid(462170a716c14b24fb5d727012b93157) Importer(815301076,1909f56bfc062723c751e8b465ee728b)  -> (artifact id: '7109ad6083e970e7d05ff51723093068') in 0.278660 seconds
  Import took 0.284742 seconds .

========================================================================
Received Import Request.
  Time since last request: 0.000298 seconds.
  path: Assets/Game/Prefabs/terrain.fbx
  artifactKey: Guid(822bbdc0f389c544d9e0e6ffdc7d1550) Importer(815301076,1909f56bfc062723c751e8b465ee728b)
Start importing Assets/Game/Prefabs/terrain.fbx using Guid(822bbdc0f389c544d9e0e6ffdc7d1550) Importer(815301076,1909f56bfc062723c751e8b465ee728b)  -> (artifact id: 'd1fe33bae4ad543492d9cd152b983309') in 0.020354 seconds
  Import took 0.027130 seconds .

========================================================================
Received Import Request.
  Time since last request: 0.000263 seconds.
  path: Assets/Game/Prefabs/tree_01.fbx
  artifactKey: Guid(4270d36109979d24b877b41285b6c20c) Importer(815301076,1909f56bfc062723c751e8b465ee728b)
Start importing Assets/Game/Prefabs/tree_01.fbx using Guid(4270d36109979d24b877b41285b6c20c) Importer(815301076,1909f56bfc062723c751e8b465ee728b)  -> (artifact id: 'ba3dd7df444a1c4eb98ef4ded0342b87') in 0.023064 seconds
  Import took 0.029785 seconds .

========================================================================
Received Import Request.
  Time since last request: 0.000291 seconds.
  path: Assets/Game/Prefabs/tree_02.fbx
  artifactKey: Guid(6ffd7e26eb4f7364ebb0d7a40cd79e1f) Importer(815301076,1909f56bfc062723c751e8b465ee728b)
Start importing Assets/Game/Prefabs/tree_02.fbx using Guid(6ffd7e26eb4f7364ebb0d7a40cd79e1f) Importer(815301076,1909f56bfc062723c751e8b465ee728b)  -> (artifact id: 'a9c4cc0af3386ff8ea1f1a75ad76dbb5') in 0.022858 seconds
  Import took 0.028995 seconds .

========================================================================
Received Import Request.
  Time since last request: 0.000322 seconds.
  path: Assets/Game/Prefabs/New Terrain.asset
  artifactKey: Guid(5d4f20d7965534c4397557def71fa4b1) Importer(815301076,1909f56bfc062723c751e8b465ee728b)
Start importing Assets/Game/Prefabs/New Terrain.asset using Guid(5d4f20d7965534c4397557def71fa4b1) Importer(815301076,1909f56bfc062723c751e8b465ee728b)  -> (artifact id: 'd879ab37b86a1e6da4cb6e27547c6ac3') in 0.007289 seconds
  Import took 0.014083 seconds .

========================================================================
Received Import Request.
  Time since last request: 0.000310 seconds.
  path: Assets/Game/Prefabs/tree_03.fbx
  artifactKey: Guid(74cdbc396fd8a0c468b15d045d3bde61) Importer(815301076,1909f56bfc062723c751e8b465ee728b)
Start importing Assets/Game/Prefabs/tree_03.fbx using Guid(74cdbc396fd8a0c468b15d045d3bde61) Importer(815301076,1909f56bfc062723c751e8b465ee728b)  -> (artifact id: '1466213ea7ae7d2337ade376455c2cbe') in 0.024774 seconds
  Import took 0.031111 seconds .

========================================================================
Received Import Request.
  Time since last request: 0.000427 seconds.
  path: Assets/Game/Prefabs/tree_04.fbx
  artifactKey: Guid(f9277ed783749d544af3d97dde8b2b3d) Importer(815301076,1909f56bfc062723c751e8b465ee728b)
Start importing Assets/Game/Prefabs/tree_04.fbx using Guid(f9277ed783749d544af3d97dde8b2b3d) Importer(815301076,1909f56bfc062723c751e8b465ee728b)  -> (artifact id: '923d4cd968f3d9ab333b244d5c7a545e') in 0.024004 seconds
  Import took 0.030721 seconds .

========================================================================
Received Import Request.
  Time since last request: 3.672825 seconds.
  path: Assets/Game/Scenes/TestScene.unity
  artifactKey: Guid(9fc0d4010bbf28b4594072e72b8655ab) Importer(815301076,1909f56bfc062723c751e8b465ee728b)
Start importing Assets/Game/Scenes/TestScene.unity using Guid(9fc0d4010bbf28b4594072e72b8655ab) Importer(815301076,1909f56bfc062723c751e8b465ee728b)  -> (artifact id: '0ca0a18654429af5bbfd3146256aebf0') in 0.228644 seconds
  Import took 0.235575 seconds .

========================================================================
Received Import Request.
  Time since last request: 57.267227 seconds.
  path: Assets/Game/Scenes/Himar.unity
  artifactKey: Guid(1dd8eca86e8768b4ba20d90f3c5c3ccc) Importer(815301076,1909f56bfc062723c751e8b465ee728b)
Start importing Assets/Game/Scenes/Himar.unity using Guid(1dd8eca86e8768b4ba20d90f3c5c3ccc) Importer(815301076,1909f56bfc062723c751e8b465ee728b)  -> (artifact id: '350b6be446a4f2f33f0960ada879a89a') in 0.005932 seconds
  Import took 0.014038 seconds .

========================================================================
Received Prepare
Registering precompiled user dll's ...
Registered in 0.007468 seconds.
Begin MonoManager ReloadAssembly
Native extension for WindowsStandalone target not found
Refreshing native plugins compatible for Editor in 1.08 ms, found 6 plugins.
Preloading 1 native plugins for Editor in 0.04 ms.
Mono: successfully reloaded assembly
- Completed reload, in  1.188 seconds
Platform modules already initialized, skipping
Shader 'Oculus/OVRMRCameraFrameLit': fallback shader 'Alpha-Diffuse' not found
Refreshing native plugins compatible for Editor in 0.98 ms, found 6 plugins.
Preloading 1 native plugins for Editor in 0.03 ms.
Unloading 3927 Unused Serialized files (Serialized files now loaded: 0)
System memory in use before: 155.9 MB.
System memory in use after: 155.6 MB.

Unloading 41 unused Assets to reduce memory usage. Loaded Objects now: 4500.
Total: 3.341100 ms (FindLiveObjects: 0.373300 ms CreateObjectMapping: 0.182400 ms MarkObjects: 2.412000 ms  DeleteObjects: 0.372300 ms)

========================================================================
Received Prepare
Registering precompiled user dll's ...
Registered in 0.007103 seconds.
Begin MonoManager ReloadAssembly
Native extension for WindowsStandalone target not found
Refreshing native plugins compatible for Editor in 1.02 ms, found 6 plugins.
Preloading 1 native plugins for Editor in 0.04 ms.
Mono: successfully reloaded assembly
- Completed reload, in  1.193 seconds
Platform modules already initialized, skipping
Shader 'Oculus/OVRMRCameraFrameLit': fallback shader 'Alpha-Diffuse' not found
Refreshing native plugins compatible for Editor in 1.01 ms, found 6 plugins.
Preloading 1 native plugins for Editor in 0.04 ms.
Unloading 3927 Unused Serialized files (Serialized files now loaded: 0)
System memory in use before: 155.4 MB.
System memory in use after: 155.7 MB.

Unloading 39 unused Assets to reduce memory usage. Loaded Objects now: 4504.
Total: 3.010100 ms (FindLiveObjects: 0.362300 ms CreateObjectMapping: 0.167600 ms MarkObjects: 2.450400 ms  DeleteObjects: 0.028900 ms)

========================================================================
Received Prepare
Registering precompiled user dll's ...
Registered in 0.008266 seconds.
Begin MonoManager ReloadAssembly
Native extension for WindowsStandalone target not found
Refreshing native plugins compatible for Editor in 1.75 ms, found 6 plugins.
Preloading 1 native plugins for Editor in 0.07 ms.
Mono: successfully reloaded assembly
- Completed reload, in  1.200 seconds
Platform modules already initialized, skipping
Shader 'Oculus/OVRMRCameraFrameLit': fallback shader 'Alpha-Diffuse' not found
Refreshing native plugins compatible for Editor in 1.07 ms, found 6 plugins.
Preloading 1 native plugins for Editor in 0.05 ms.
Unloading 3927 Unused Serialized files (Serialized files now loaded: 0)
System memory in use before: 155.5 MB.
System memory in use after: 155.7 MB.

Unloading 39 unused Assets to reduce memory usage. Loaded Objects now: 4508.
Total: 3.011400 ms (FindLiveObjects: 0.395200 ms CreateObjectMapping: 0.180400 ms MarkObjects: 2.405100 ms  DeleteObjects: 0.029400 ms)

========================================================================
Received Prepare
Registering precompiled user dll's ...
Registered in 0.009726 seconds.
Begin MonoManager ReloadAssembly
Native extension for WindowsStandalone target not found
Refreshing native plugins compatible for Editor in 0.99 ms, found 6 plugins.
Preloading 1 native plugins for Editor in 0.04 ms.
Mono: successfully reloaded assembly
- Completed reload, in  1.200 seconds
Platform modules already initialized, skipping
Shader 'Oculus/OVRMRCameraFrameLit': fallback shader 'Alpha-Diffuse' not found
Refreshing native plugins compatible for Editor in 0.99 ms, found 6 plugins.
Preloading 1 native plugins for Editor in 0.04 ms.
Unloading 3927 Unused Serialized files (Serialized files now loaded: 0)
System memory in use before: 155.5 MB.
System memory in use after: 155.7 MB.

Unloading 39 unused Assets to reduce memory usage. Loaded Objects now: 4512.
Total: 3.361900 ms (FindLiveObjects: 0.430300 ms CreateObjectMapping: 0.198700 ms MarkObjects: 2.705900 ms  DeleteObjects: 0.026100 ms)

========================================================================
Received Prepare
Registering precompiled user dll's ...
Registered in 0.007272 seconds.
Begin MonoManager ReloadAssembly
Native extension for WindowsStandalone target not found
Refreshing native plugins compatible for Editor in 0.99 ms, found 6 plugins.
Preloading 1 native plugins for Editor in 0.05 ms.
Mono: successfully reloaded assembly
- Completed reload, in  1.169 seconds
Platform modules already initialized, skipping
Shader 'Oculus/OVRMRCameraFrameLit': fallback shader 'Alpha-Diffuse' not found
Refreshing native plugins compatible for Editor in 1.08 ms, found 6 plugins.
Preloading 1 native plugins for Editor in 0.04 ms.
Unloading 3927 Unused Serialized files (Serialized files now loaded: 0)
System memory in use before: 155.5 MB.
System memory in use after: 155.7 MB.

Unloading 39 unused Assets to reduce memory usage. Loaded Objects now: 4516.
Total: 3.122400 ms (FindLiveObjects: 0.501800 ms CreateObjectMapping: 0.243100 ms MarkObjects: 2.347800 ms  DeleteObjects: 0.028400 ms)

========================================================================
Received Import Request.
  Time since last request: 1709.149812 seconds.
  path: Assets/Game/Prefabs/SceneManager.prefab
  artifactKey: Guid(4d29cf7b23f071745a9ec3f7803b4b43) Importer(815301076,1909f56bfc062723c751e8b465ee728b)
Start importing Assets/Game/Prefabs/SceneManager.prefab using Guid(4d29cf7b23f071745a9ec3f7803b4b43) Importer(815301076,1909f56bfc062723c751e8b465ee728b)  -> (artifact id: '9b38646da08cf5aea4d85a67b67c4ab2') in 0.048348 seconds
  Import took 0.055277 seconds .

========================================================================
Received Import Request.
  Time since last request: 0.013685 seconds.
  path: Assets/Game/Prefabs/SceneManager.prefab
  artifactKey: Guid(4d29cf7b23f071745a9ec3f7803b4b43) Importer(815301076,1909f56bfc062723c751e8b465ee728b)
Start importing Assets/Game/Prefabs/SceneManager.prefab using Guid(4d29cf7b23f071745a9ec3f7803b4b43) Importer(815301076,1909f56bfc062723c751e8b465ee728b)  -> (artifact id: '9b38646da08cf5aea4d85a67b67c4ab2') in 0.004632 seconds
  Import took 0.011077 seconds .

========================================================================
Received Prepare
Registering precompiled user dll's ...
Registered in 0.007812 seconds.
Begin MonoManager ReloadAssembly
Native extension for WindowsStandalone target not found
Refreshing native plugins compatible for Editor in 0.99 ms, found 6 plugins.
Preloading 1 native plugins for Editor in 0.04 ms.
Mono: successfully reloaded assembly
- Completed reload, in  1.423 seconds
Platform modules already initialized, skipping
Shader 'Oculus/OVRMRCameraFrameLit': fallback shader 'Alpha-Diffuse' not found
Refreshing native plugins compatible for Editor in 0.99 ms, found 6 plugins.
Preloading 1 native plugins for Editor in 0.04 ms.
Unloading 3927 Unused Serialized files (Serialized files now loaded: 0)
System memory in use before: 155.5 MB.
System memory in use after: 155.8 MB.

Unloading 39 unused Assets to reduce memory usage. Loaded Objects now: 4520.
Total: 3.210500 ms (FindLiveObjects: 0.391900 ms CreateObjectMapping: 0.232400 ms MarkObjects: 2.552400 ms  DeleteObjects: 0.032900 ms)

========================================================================
Received Import Request.
  Time since last request: 1102.317786 seconds.
  path: Assets/BOXOPHOBIC/Skybox Cubemap Extended/Demo/Materials/LowPoly - FirTree.mat
  artifactKey: Guid(138b35dd321622a4d93635b532ae8b8e) Importer(815301076,1909f56bfc062723c751e8b465ee728b)
Start importing Assets/BOXOPHOBIC/Skybox Cubemap Extended/Demo/Materials/LowPoly - FirTree.mat using Guid(138b35dd321622a4d93635b532ae8b8e) Importer(815301076,1909f56bfc062723c751e8b465ee728b)  -> (artifact id: '8653cd67dbe8bf4ff9630e86abfeff21') in 0.086540 seconds
  Import took 0.099118 seconds .

========================================================================
Received Import Request.
  Time since last request: 0.000267 seconds.
  path: Assets/BOXOPHOBIC/Skybox Cubemap Extended/Demo/Materials/LowPoly - Terrain.mat
  artifactKey: Guid(2557d3f1d341fdb4e9d53179c053ffd5) Importer(815301076,1909f56bfc062723c751e8b465ee728b)
Start importing Assets/BOXOPHOBIC/Skybox Cubemap Extended/Demo/Materials/LowPoly - Terrain.mat using Guid(2557d3f1d341fdb4e9d53179c053ffd5) Importer(815301076,1909f56bfc062723c751e8b465ee728b)  -> (artifact id: 'ee515897ea0a82efc860161dc5b48f1e') in 0.014740 seconds
  Import took 0.026007 seconds .

========================================================================
Received Import Request.
  Time since last request: 0.000343 seconds.
  path: Assets/BOXOPHOBIC/Skybox Cubemap Extended/Demo/Materials/Skybox Cubemap Extended Night.mat
  artifactKey: Guid(cc421da483ed06c49933077a621bff25) Importer(815301076,1909f56bfc062723c751e8b465ee728b)
Start importing Assets/BOXOPHOBIC/Skybox Cubemap Extended/Demo/Materials/Skybox Cubemap Extended Night.mat using Guid(cc421da483ed06c49933077a621bff25) Importer(815301076,1909f56bfc062723c751e8b465ee728b)  -> (artifact id: '92e98d3e0f401d8cdb1f4717f7511c46') in 0.305169 seconds
  Import took 0.330279 seconds .

========================================================================
Received Import Request.
  Time since last request: 0.000260 seconds.
  path: Assets/BOXOPHOBIC/Skybox Cubemap Extended/Demo/Materials/LowPoly - Rock.mat
  artifactKey: Guid(37524ae4594222f4f8acd7b76234f79a) Importer(815301076,1909f56bfc062723c751e8b465ee728b)
Start importing Assets/BOXOPHOBIC/Skybox Cubemap Extended/Demo/Materials/LowPoly - Rock.mat using Guid(37524ae4594222f4f8acd7b76234f79a) Importer(815301076,1909f56bfc062723c751e8b465ee728b)  -> (artifact id: '2ade5e04c22ebb71ab78257a96237207') in 0.012724 seconds
  Import took 0.019567 seconds .

========================================================================
Received Import Request.
  Time since last request: 0.000258 seconds.
  path: Assets/BOXOPHOBIC/Skybox Cubemap Extended/Demo/Materials/LowPoly - TreeTrunk.mat
  artifactKey: Guid(2a8f9a878cb7cff45b00339938d945ce) Importer(815301076,1909f56bfc062723c751e8b465ee728b)
Start importing Assets/BOXOPHOBIC/Skybox Cubemap Extended/Demo/Materials/LowPoly - TreeTrunk.mat using Guid(2a8f9a878cb7cff45b00339938d945ce) Importer(815301076,1909f56bfc062723c751e8b465ee728b)  -> (artifact id: '7ee6d7262b7cb326d11cba4937ad69b5') in 0.012190 seconds
  Import took 0.021187 seconds .

========================================================================
Received Import Request.
  Time since last request: 0.000196 seconds.
  path: Assets/BOXOPHOBIC/Skybox Cubemap Extended/Demo/Materials/LowPoly - FirTree.mat
  artifactKey: Guid(138b35dd321622a4d93635b532ae8b8e) Importer(815301076,1909f56bfc062723c751e8b465ee728b)
Start importing Assets/BOXOPHOBIC/Skybox Cubemap Extended/Demo/Materials/LowPoly - FirTree.mat using Guid(138b35dd321622a4d93635b532ae8b8e) Importer(815301076,1909f56bfc062723c751e8b465ee728b)  -> (artifact id: '8653cd67dbe8bf4ff9630e86abfeff21') in 0.016166 seconds
  Import took 0.025355 seconds .

========================================================================
Received Import Request.
  Time since last request: 0.000392 seconds.
  path: Assets/BOXOPHOBIC/Skybox Cubemap Extended/Demo/Materials/LowPoly - Grass.mat
  artifactKey: Guid(6fc6652ed834922468cdd63bb95f7fe2) Importer(815301076,1909f56bfc062723c751e8b465ee728b)
Start importing Assets/BOXOPHOBIC/Skybox Cubemap Extended/Demo/Materials/LowPoly - Grass.mat using Guid(6fc6652ed834922468cdd63bb95f7fe2) Importer(815301076,1909f56bfc062723c751e8b465ee728b)  -> (artifact id: '310f0f340f8e922b047b24cef8ebd695') in 0.017366 seconds
  Import took 0.026788 seconds .

========================================================================
Received Import Request.
  Time since last request: 0.000216 seconds.
  path: Assets/BOXOPHOBIC/Skybox Cubemap Extended/Demo/Materials/Skybox Cubemap Extended Blend.mat
  artifactKey: Guid(1cf6f4c6e6e0518419839d3f5448dd99) Importer(815301076,1909f56bfc062723c751e8b465ee728b)
Start importing Assets/BOXOPHOBIC/Skybox Cubemap Extended/Demo/Materials/Skybox Cubemap Extended Blend.mat using Guid(1cf6f4c6e6e0518419839d3f5448dd99) Importer(815301076,1909f56bfc062723c751e8b465ee728b)  -> (artifact id: '90493b80cf6172ef68bebcc41673f038') in 0.520310 seconds
  Import took 0.549765 seconds .

========================================================================
Received Import Request.
  Time since last request: 0.000349 seconds.
  path: Assets/BOXOPHOBIC/Skybox Cubemap Extended/Demo/Materials/LowPoly - FirTreeVariation.mat
  artifactKey: Guid(0f74119e82d3b3a4d9b2842dbaa2a6ee) Importer(815301076,1909f56bfc062723c751e8b465ee728b)
Start importing Assets/BOXOPHOBIC/Skybox Cubemap Extended/Demo/Materials/LowPoly - FirTreeVariation.mat using Guid(0f74119e82d3b3a4d9b2842dbaa2a6ee) Importer(815301076,1909f56bfc062723c751e8b465ee728b)  -> (artifact id: '2d79cf32e6df0f08453fc0eb39ee308a') in 0.019465 seconds
  Import took 0.030780 seconds .

========================================================================
Received Import Request.
  Time since last request: 0.000361 seconds.
  path: Assets/BOXOPHOBIC/Skybox Cubemap Extended/Demo/Materials/Skybox Cubemap Extended Day.mat
  artifactKey: Guid(2bd8959f5fbd3644aa33af1a155fc147) Importer(815301076,1909f56bfc062723c751e8b465ee728b)
Start importing Assets/BOXOPHOBIC/Skybox Cubemap Extended/Demo/Materials/Skybox Cubemap Extended Day.mat using Guid(2bd8959f5fbd3644aa33af1a155fc147) Importer(815301076,1909f56bfc062723c751e8b465ee728b)  -> (artifact id: '9b18a7f3d0a335e924326165e0406247') in 0.135694 seconds
  Import took 0.150068 seconds .

========================================================================
Received Import Request.
  Time since last request: 0.000325 seconds.
  path: Assets/BOXOPHOBIC/Skybox Cubemap Extended/Demo/Materials/LowPoly - Wood.mat
  artifactKey: Guid(ff059fc016fcf8d4a88162b27e334cba) Importer(815301076,1909f56bfc062723c751e8b465ee728b)
Start importing Assets/BOXOPHOBIC/Skybox Cubemap Extended/Demo/Materials/LowPoly - Wood.mat using Guid(ff059fc016fcf8d4a88162b27e334cba) Importer(815301076,1909f56bfc062723c751e8b465ee728b)  -> (artifact id: '4c2942ae2fbdaeb001be49f1ccafaa0b') in 0.014733 seconds
  Import took 0.023408 seconds .

========================================================================
Received Import Request.
  Time since last request: 265.933530 seconds.
  path: Assets/Game/Prefabs/Capsule.prefab
  artifactKey: Guid(3735274a3b0561e45b10a1d35b948955) Importer(815301076,1909f56bfc062723c751e8b465ee728b)
Start importing Assets/Game/Prefabs/Capsule.prefab using Guid(3735274a3b0561e45b10a1d35b948955) Importer(815301076,1909f56bfc062723c751e8b465ee728b)  -> (artifact id: 'c26c7f40af7c69853ac442bbd699df13') in 0.023220 seconds
  Import took 0.030547 seconds .

========================================================================
Received Import Request.
  Time since last request: 0.018940 seconds.
  path: Assets/Game/Prefabs/Capsule.prefab
  artifactKey: Guid(3735274a3b0561e45b10a1d35b948955) Importer(815301076,1909f56bfc062723c751e8b465ee728b)
Start importing Assets/Game/Prefabs/Capsule.prefab using Guid(3735274a3b0561e45b10a1d35b948955) Importer(815301076,1909f56bfc062723c751e8b465ee728b)  -> (artifact id: 'c26c7f40af7c69853ac442bbd699df13') in 0.010066 seconds
  Import took 0.018726 seconds .

========================================================================
Received Import Request.
  Time since last request: 254.828430 seconds.
  path: Assets/BOXOPHOBIC/Skybox Cubemap Extended/Demo/Materials/Skybox Cubemap Extended Blend.mat
  artifactKey: Guid(1cf6f4c6e6e0518419839d3f5448dd99) Importer(815301076,1909f56bfc062723c751e8b465ee728b)
Start importing Assets/BOXOPHOBIC/Skybox Cubemap Extended/Demo/Materials/Skybox Cubemap Extended Blend.mat using Guid(1cf6f4c6e6e0518419839d3f5448dd99) Importer(815301076,1909f56bfc062723c751e8b465ee728b)  -> (artifact id: '8576b5c296273834643fb16d5945b9e8') in 0.541726 seconds
  Import took 0.650790 seconds .

========================================================================
Received Prepare
Registering precompiled user dll's ...
Registered in 0.010511 seconds.
Begin MonoManager ReloadAssembly
Native extension for WindowsStandalone target not found
Refreshing native plugins compatible for Editor in 1.76 ms, found 6 plugins.
Preloading 1 native plugins for Editor in 0.08 ms.
Mono: successfully reloaded assembly
- Completed reload, in  1.595 seconds
Platform modules already initialized, skipping
Shader 'Oculus/OVRMRCameraFrameLit': fallback shader 'Alpha-Diffuse' not found
Refreshing native plugins compatible for Editor in 1.29 ms, found 6 plugins.
Preloading 1 native plugins for Editor in 0.05 ms.
Unloading 3927 Unused Serialized files (Serialized files now loaded: 0)
System memory in use before: 155.6 MB.
System memory in use after: 155.8 MB.

Unloading 40 unused Assets to reduce memory usage. Loaded Objects now: 4526.
Total: 3.718500 ms (FindLiveObjects: 0.469500 ms CreateObjectMapping: 0.225700 ms MarkObjects: 2.986000 ms  DeleteObjects: 0.036200 ms)

========================================================================
Received Prepare
Registering precompiled user dll's ...
Registered in 0.008949 seconds.
Begin MonoManager ReloadAssembly
Native extension for WindowsStandalone target not found
Refreshing native plugins compatible for Editor in 1.27 ms, found 6 plugins.
Preloading 1 native plugins for Editor in 0.07 ms.
Mono: successfully reloaded assembly
- Completed reload, in  1.793 seconds
Platform modules already initialized, skipping
Shader 'Oculus/OVRMRCameraFrameLit': fallback shader 'Alpha-Diffuse' not found
Refreshing native plugins compatible for Editor in 1.26 ms, found 6 plugins.
Preloading 1 native plugins for Editor in 0.05 ms.
Unloading 3927 Unused Serialized files (Serialized files now loaded: 0)
System memory in use before: 155.6 MB.
System memory in use after: 155.8 MB.

Unloading 39 unused Assets to reduce memory usage. Loaded Objects now: 4530.
Total: 6.348400 ms (FindLiveObjects: 0.451400 ms CreateObjectMapping: 0.278300 ms MarkObjects: 5.481800 ms  DeleteObjects: 0.132500 ms)

========================================================================
Received Prepare
Registering precompiled user dll's ...
Registered in 0.014665 seconds.
Begin MonoManager ReloadAssembly
Native extension for WindowsStandalone target not found
Refreshing native plugins compatible for Editor in 1.62 ms, found 6 plugins.
Preloading 1 native plugins for Editor in 0.06 ms.
Mono: successfully reloaded assembly
- Completed reload, in  1.714 seconds
Platform modules already initialized, skipping
Shader 'Oculus/OVRMRCameraFrameLit': fallback shader 'Alpha-Diffuse' not found
Refreshing native plugins compatible for Editor in 1.41 ms, found 6 plugins.
Preloading 1 native plugins for Editor in 0.06 ms.
Unloading 3927 Unused Serialized files (Serialized files now loaded: 0)
System memory in use before: 155.6 MB.
System memory in use after: 155.9 MB.

Unloading 39 unused Assets to reduce memory usage. Loaded Objects now: 4534.
Total: 5.239700 ms (FindLiveObjects: 0.949900 ms CreateObjectMapping: 0.542700 ms MarkObjects: 3.702700 ms  DeleteObjects: 0.039500 ms)

========================================================================
Received Prepare
Registering precompiled user dll's ...
Registered in 0.009261 seconds.
Begin MonoManager ReloadAssembly
Native extension for WindowsStandalone target not found
Refreshing native plugins compatible for Editor in 1.23 ms, found 6 plugins.
Preloading 1 native plugins for Editor in 0.06 ms.
Mono: successfully reloaded assembly
- Completed reload, in  1.848 seconds
Platform modules already initialized, skipping
Shader 'Oculus/OVRMRCameraFrameLit': fallback shader 'Alpha-Diffuse' not found
Refreshing native plugins compatible for Editor in 1.30 ms, found 6 plugins.
Preloading 1 native plugins for Editor in 0.05 ms.
Unloading 3927 Unused Serialized files (Serialized files now loaded: 0)
System memory in use before: 155.6 MB.
System memory in use after: 155.9 MB.

Unloading 39 unused Assets to reduce memory usage. Loaded Objects now: 4538.
Total: 3.864600 ms (FindLiveObjects: 0.544300 ms CreateObjectMapping: 0.260100 ms MarkObjects: 3.020800 ms  DeleteObjects: 0.038000 ms)

========================================================================
Received Prepare
Registering precompiled user dll's ...
Registered in 0.012048 seconds.
Begin MonoManager ReloadAssembly
Native extension for WindowsStandalone target not found
Refreshing native plugins compatible for Editor in 1.40 ms, found 6 plugins.
Preloading 1 native plugins for Editor in 0.08 ms.
Mono: successfully reloaded assembly
- Completed reload, in  2.467 seconds
Platform modules already initialized, skipping
Shader 'Oculus/OVRMRCameraFrameLit': fallback shader 'Alpha-Diffuse' not found
Refreshing native plugins compatible for Editor in 1.28 ms, found 6 plugins.
Preloading 1 native plugins for Editor in 0.06 ms.
Unloading 3927 Unused Serialized files (Serialized files now loaded: 0)
System memory in use before: 155.6 MB.
System memory in use after: 155.9 MB.

Unloading 39 unused Assets to reduce memory usage. Loaded Objects now: 4542.
Total: 3.735500 ms (FindLiveObjects: 0.415300 ms CreateObjectMapping: 0.240100 ms MarkObjects: 3.021500 ms  DeleteObjects: 0.056700 ms)

========================================================================
Received Prepare
Registering precompiled user dll's ...
Registered in 0.012392 seconds.
Begin MonoManager ReloadAssembly
Native extension for WindowsStandalone target not found
Refreshing native plugins compatible for Editor in 1.56 ms, found 6 plugins.
Preloading 1 native plugins for Editor in 0.07 ms.
Mono: successfully reloaded assembly
- Completed reload, in  2.130 seconds
Platform modules already initialized, skipping
Shader 'Oculus/OVRMRCameraFrameLit': fallback shader 'Alpha-Diffuse' not found
Refreshing native plugins compatible for Editor in 1.22 ms, found 6 plugins.
Preloading 1 native plugins for Editor in 0.05 ms.
Unloading 3927 Unused Serialized files (Serialized files now loaded: 0)
System memory in use before: 155.6 MB.
System memory in use after: 155.9 MB.

Unloading 39 unused Assets to reduce memory usage. Loaded Objects now: 4546.
Total: 3.246400 ms (FindLiveObjects: 0.426300 ms CreateObjectMapping: 0.173300 ms MarkObjects: 2.616500 ms  DeleteObjects: 0.029300 ms)

========================================================================
Received Prepare
Registering precompiled user dll's ...
Registered in 0.015831 seconds.
Begin MonoManager ReloadAssembly
Native extension for WindowsStandalone target not found
Refreshing native plugins compatible for Editor in 3.95 ms, found 6 plugins.
Preloading 1 native plugins for Editor in 0.14 ms.
Mono: successfully reloaded assembly
- Completed reload, in  2.506 seconds
Platform modules already initialized, skipping
Shader 'Oculus/OVRMRCameraFrameLit': fallback shader 'Alpha-Diffuse' not found
Refreshing native plugins compatible for Editor in 1.75 ms, found 6 plugins.
Preloading 1 native plugins for Editor in 0.14 ms.
Unloading 3927 Unused Serialized files (Serialized files now loaded: 0)
System memory in use before: 155.7 MB.
System memory in use after: 155.9 MB.

Unloading 39 unused Assets to reduce memory usage. Loaded Objects now: 4550.
Total: 8.845200 ms (FindLiveObjects: 0.896400 ms CreateObjectMapping: 0.455700 ms MarkObjects: 7.381800 ms  DeleteObjects: 0.105500 ms)

========================================================================
Received Prepare
Registering precompiled user dll's ...
Registered in 0.014272 seconds.
Begin MonoManager ReloadAssembly
Native extension for WindowsStandalone target not found
Refreshing native plugins compatible for Editor in 1.18 ms, found 6 plugins.
Preloading 1 native plugins for Editor in 0.06 ms.
Mono: successfully reloaded assembly
- Completed reload, in  1.465 seconds
Platform modules already initialized, skipping
Shader 'Oculus/OVRMRCameraFrameLit': fallback shader 'Alpha-Diffuse' not found
Refreshing native plugins compatible for Editor in 1.15 ms, found 6 plugins.
Preloading 1 native plugins for Editor in 0.04 ms.
Unloading 3927 Unused Serialized files (Serialized files now loaded: 0)
System memory in use before: 155.7 MB.
System memory in use after: 155.9 MB.

Unloading 39 unused Assets to reduce memory usage. Loaded Objects now: 4554.
Total: 3.491700 ms (FindLiveObjects: 0.461600 ms CreateObjectMapping: 0.220200 ms MarkObjects: 2.775000 ms  DeleteObjects: 0.034100 ms)

========================================================================
Received Prepare
Registering precompiled user dll's ...
Registered in 0.015603 seconds.
Begin MonoManager ReloadAssembly
Native extension for WindowsStandalone target not found
Refreshing native plugins compatible for Editor in 2.69 ms, found 6 plugins.
Preloading 1 native plugins for Editor in 0.23 ms.
Mono: successfully reloaded assembly
- Completed reload, in  2.953 seconds
Platform modules already initialized, skipping
Shader 'Oculus/OVRMRCameraFrameLit': fallback shader 'Alpha-Diffuse' not found
Refreshing native plugins compatible for Editor in 2.87 ms, found 6 plugins.
Preloading 1 native plugins for Editor in 0.07 ms.
Unloading 3927 Unused Serialized files (Serialized files now loaded: 0)
System memory in use before: 155.7 MB.
System memory in use after: 155.9 MB.

Unloading 39 unused Assets to reduce memory usage. Loaded Objects now: 4558.
Total: 10.564300 ms (FindLiveObjects: 1.485000 ms CreateObjectMapping: 1.316400 ms MarkObjects: 7.674200 ms  DeleteObjects: 0.083100 ms)

========================================================================
Received Import Request.
  Time since last request: 2256.876442 seconds.
  path: Assets/Game/Audio
  artifactKey: Guid(971671e350766b445aa2df2526e39d29) Importer(815301076,1909f56bfc062723c751e8b465ee728b)
Start importing Assets/Game/Audio using Guid(971671e350766b445aa2df2526e39d29) Importer(815301076,1909f56bfc062723c751e8b465ee728b)  -> (artifact id: '31221b2adaaab486373f078ddadf3455') in 0.031181 seconds
  Import took 0.065970 seconds .

========================================================================
Received Import Request.
  Time since last request: 118.250468 seconds.
  path: Assets/Game/Audio/137616-EFX_EXT_Owl_Northeastern_Wooded_02.wav
  artifactKey: Guid(d1c1554e1834c054b9a876279d31e197) Importer(815301076,1909f56bfc062723c751e8b465ee728b)
Start importing Assets/Game/Audio/137616-EFX_EXT_Owl_Northeastern_Wooded_02.wav using Guid(d1c1554e1834c054b9a876279d31e197) Importer(815301076,1909f56bfc062723c751e8b465ee728b)  -> (artifact id: '7485deb6a8ec4ed203bbc1abc531d370') in 0.117996 seconds
  Import took 0.125840 seconds .

========================================================================
Received Import Request.
  Time since last request: 15.660842 seconds.
  path: Assets/Game/Audio/night_ambience.wav
  artifactKey: Guid(d1c1554e1834c054b9a876279d31e197) Importer(815301076,1909f56bfc062723c751e8b465ee728b)
Start importing Assets/Game/Audio/night_ambience.wav using Guid(d1c1554e1834c054b9a876279d31e197) Importer(815301076,1909f56bfc062723c751e8b465ee728b)  -> (artifact id: '58741f9d75b9ecb0b27cdd1791b10bbd') in 0.037530 seconds
  Import took 0.062928 seconds .

========================================================================
Received Import Request.
  Time since last request: 0.025677 seconds.
  path: Assets/Game/Audio/night_ambience.wav
  artifactKey: Guid(d1c1554e1834c054b9a876279d31e197) Importer(815301076,1909f56bfc062723c751e8b465ee728b)
Start importing Assets/Game/Audio/night_ambience.wav using Guid(d1c1554e1834c054b9a876279d31e197) Importer(815301076,1909f56bfc062723c751e8b465ee728b)  -> (artifact id: '58741f9d75b9ecb0b27cdd1791b10bbd') in 0.215498 seconds
  Import took 0.245651 seconds .

========================================================================
Received Prepare
Registering precompiled user dll's ...
Registered in 0.008374 seconds.
Begin MonoManager ReloadAssembly
Native extension for WindowsStandalone target not found
Refreshing native plugins compatible for Editor in 1.11 ms, found 6 plugins.
Preloading 1 native plugins for Editor in 0.05 ms.
Mono: successfully reloaded assembly
- Completed reload, in  1.422 seconds
Platform modules already initialized, skipping
Shader 'Oculus/OVRMRCameraFrameLit': fallback shader 'Alpha-Diffuse' not found
Refreshing native plugins compatible for Editor in 1.18 ms, found 6 plugins.
Preloading 1 native plugins for Editor in 0.04 ms.
Unloading 3928 Unused Serialized files (Serialized files now loaded: 0)
System memory in use before: 155.8 MB.
System memory in use after: 156.0 MB.

Unloading 39 unused Assets to reduce memory usage. Loaded Objects now: 4566.
Total: 3.214300 ms (FindLiveObjects: 0.428000 ms CreateObjectMapping: 0.199100 ms MarkObjects: 2.557400 ms  DeleteObjects: 0.028800 ms)

========================================================================
Received Import Request.
  Time since last request: 1137.117172 seconds.
  path: Assets/Game/Audio/396171-Countryside-Meadow-Winter-Sunset-Birds-Calm-MS_Decoded.wav
  artifactKey: Guid(58380d8e7487ac64d97fba667d406e69) Importer(815301076,1909f56bfc062723c751e8b465ee728b)
Start importing Assets/Game/Audio/396171-Countryside-Meadow-Winter-Sunset-Birds-Calm-MS_Decoded.wav using Guid(58380d8e7487ac64d97fba667d406e69) Importer(815301076,1909f56bfc062723c751e8b465ee728b)  -> (artifact id: 'f49d6e05d264cf7408c9500b8278cb26') in 0.097447 seconds
  Import took 0.113430 seconds .

========================================================================
Received Import Request.
  Time since last request: 18.937528 seconds.
  path: Assets/Game/Audio/day_ambience.wav
  artifactKey: Guid(58380d8e7487ac64d97fba667d406e69) Importer(815301076,1909f56bfc062723c751e8b465ee728b)
Start importing Assets/Game/Audio/day_ambience.wav using Guid(58380d8e7487ac64d97fba667d406e69) Importer(815301076,1909f56bfc062723c751e8b465ee728b)  -> (artifact id: '3e11eab9a0752e16079bb2e60932ca50') in 0.011875 seconds
  Import took 0.027624 seconds .

========================================================================
Received Import Request.
  Time since last request: 0.004517 seconds.
  path: Assets/Game/Audio/day_ambience.wav
  artifactKey: Guid(58380d8e7487ac64d97fba667d406e69) Importer(815301076,1909f56bfc062723c751e8b465ee728b)
Start importing Assets/Game/Audio/day_ambience.wav using Guid(58380d8e7487ac64d97fba667d406e69) Importer(815301076,1909f56bfc062723c751e8b465ee728b)  -> (artifact id: '3e11eab9a0752e16079bb2e60932ca50') in 0.010169 seconds
  Import took 0.018826 seconds .

========================================================================
Received Import Request.
  Time since last request: 136.537959 seconds.
  path: Assets/Game/Audio/musicAnimator.controller
  artifactKey: Guid(0001bafea3992e548866ec18dea869d9) Importer(815301076,1909f56bfc062723c751e8b465ee728b)
Start importing Assets/Game/Audio/musicAnimator.controller using Guid(0001bafea3992e548866ec18dea869d9) Importer(815301076,1909f56bfc062723c751e8b465ee728b)  -> (artifact id: 'd656ce3304a6a6d88234fb03a9d3ecaa') in 0.011111 seconds
  Import took 0.017943 seconds .

AssetImportWorkerClient::OnTransportError - code=2 error=End of file
