Using pre-set license
Built from '2020.3/staging' branch; Version is '2020.3.11f1 (99c7afb366b3) revision 10078127'; Using compiler version '192528614'; Build Type 'Release'
OS: 'Windows 10 Education; OS build 19043.1081; Version 2009; 64bit' Language: 'es' Physical Memory: 16109 MB
BatchMode: 1, IsHumanControllingUs: 0, StartBugReporterOnCrash: 0, Is64bit: 1, IsPro: 0

 COMMAND LINE ARGUMENTS:
C:\Program Files\Unity\Hub\Editor\2020.3.11f1\Editor\Unity.exe
-adb2
-batchMode
-noUpm
-name
AssetImportWorker0
-projectPath
C:/Users/himarbg/Documents/GitHub/Furries-Annihilation/Furries Annihilation
-logFile
Logs/AssetImportWorker0.log
-srvPort
52075
Successfully changed project path to: C:/Users/himarbg/Documents/GitHub/Furries-Annihilation/Furries Annihilation
C:/Users/himarbg/Documents/GitHub/Furries-Annihilation/Furries Annihilation
Using Asset Import Pipeline V2.
Refreshing native plugins compatible for Editor in 18.76 ms, found 2 plugins.
Preloading 0 native plugins for Editor in 0.00 ms.
Initialize engine version: 2020.3.11f1 (99c7afb366b3)
[Subsystems] Discovering subsystems at path C:/Program Files/Unity/Hub/Editor/2020.3.11f1/Editor/Data/Resources/UnitySubsystems
[Subsystems] Discovering subsystems at path C:/Users/himarbg/Documents/GitHub/Furries-Annihilation/Furries Annihilation/Assets
GfxDevice: creating device client; threaded=0
Direct3D:
    Version:  Direct3D 11.0 [level 11.1]
    Renderer: NVIDIA GeForce GTX 1650 (ID=0x1f82)
    Vendor:   
    VRAM:     3962 MB
    Driver:   30.0.15.1179
Initialize mono
Mono path[0] = 'C:/Program Files/Unity/Hub/Editor/2020.3.11f1/Editor/Data/Managed'
Mono path[1] = 'C:/Program Files/Unity/Hub/Editor/2020.3.11f1/Editor/Data/MonoBleedingEdge/lib/mono/unityjit'
Mono config path = 'C:/Program Files/Unity/Hub/Editor/2020.3.11f1/Editor/Data/MonoBleedingEdge/etc'
Using monoOptions --debugger-agent=transport=dt_socket,embedding=1,server=y,suspend=n,address=127.0.0.1:56804
Begin MonoManager ReloadAssembly
Registering precompiled unity dll's ...
Register platform support module: C:/Program Files/Unity/Hub/Editor/2020.3.11f1/Editor/Data/PlaybackEngines/MacStandaloneSupport/UnityEditor.OSXStandalone.Extensions.dll
Register platform support module: C:/Program Files/Unity/Hub/Editor/2020.3.11f1/Editor/Data/PlaybackEngines/WindowsStandaloneSupport/UnityEditor.WindowsStandalone.Extensions.dll
Registered in 0.000871 seconds.
Native extension for WindowsStandalone target not found
Native extension for OSXStandalone target not found
Refreshing native plugins compatible for Editor in 18.10 ms, found 2 plugins.
Preloading 0 native plugins for Editor in 0.00 ms.
Mono: successfully reloaded assembly
- Completed reload, in  1.008 seconds
Platform modules already initialized, skipping
Registering precompiled user dll's ...
Registered in 0.001865 seconds.
Begin MonoManager ReloadAssembly
Native extension for WindowsStandalone target not found
Native extension for OSXStandalone target not found
Refreshing native plugins compatible for Editor in 0.22 ms, found 2 plugins.
Preloading 0 native plugins for Editor in 0.00 ms.
Mono: successfully reloaded assembly
- Completed reload, in  0.598 seconds
Platform modules already initialized, skipping
========================================================================
Worker process is ready to serve import requests
Launched and connected shader compiler UnityShaderCompiler.exe after 0.03 seconds
Refreshing native plugins compatible for Editor in 0.27 ms, found 2 plugins.
Preloading 0 native plugins for Editor in 0.00 ms.
Unloading 1386 Unused Serialized files (Serialized files now loaded: 0)
System memory in use before: 65.0 MB.
System memory in use after: 65.1 MB.

Unloading 19 unused Assets to reduce memory usage. Loaded Objects now: 1819.
Total: 1.361700 ms (FindLiveObjects: 0.138800 ms CreateObjectMapping: 0.037600 ms MarkObjects: 1.127300 ms  DeleteObjects: 0.057300 ms)

========================================================================
Received Import Request.
  path: Assets
  artifactKey: Guid(00000000000000001000000000000000) Importer(815301076,1909f56bfc062723c751e8b465ee728b)
Start importing Assets using Guid(00000000000000001000000000000000) Importer(815301076,1909f56bfc062723c751e8b465ee728b)  -> (artifact id: '42d402b061de3733987d63b9cc3b64de') in 0.007497 seconds
  Import took 0.009041 seconds .

========================================================================
Received Import Request.
  Time since last request: 1.974028 seconds.
  path: Assets/Game
  artifactKey: Guid(69919bcd0531868428d0e8fd31821294) Importer(815301076,1909f56bfc062723c751e8b465ee728b)
Start importing Assets/Game using Guid(69919bcd0531868428d0e8fd31821294) Importer(815301076,1909f56bfc062723c751e8b465ee728b)  -> (artifact id: '855cbd2de2b59fc9314966ac63692006') in 0.006024 seconds
  Import took 0.008040 seconds .

========================================================================
Received Import Request.
  Time since last request: 0.000364 seconds.
  path: Assets/Game
  artifactKey: Guid(69919bcd0531868428d0e8fd31821294) Importer(815301076,1909f56bfc062723c751e8b465ee728b)
Start importing Assets/Game using Guid(69919bcd0531868428d0e8fd31821294) Importer(815301076,1909f56bfc062723c751e8b465ee728b)  -> (artifact id: '855cbd2de2b59fc9314966ac63692006') in 0.003129 seconds
  Import took 0.004896 seconds .

========================================================================
Received Import Request.
  Time since last request: 1.280182 seconds.
  path: Assets/Scenes
  artifactKey: Guid(878326448056161419adade43cf59a10) Importer(815301076,1909f56bfc062723c751e8b465ee728b)
Start importing Assets/Scenes using Guid(878326448056161419adade43cf59a10) Importer(815301076,1909f56bfc062723c751e8b465ee728b)  -> (artifact id: 'f8319c899dac399386e417697f5fa87a') in 0.007838 seconds
  Import took 0.009591 seconds .

========================================================================
Received Import Request.
  Time since last request: 10.398664 seconds.
  path: Assets/Game/Prefabs
  artifactKey: Guid(be4d69092f07dd94093de8a82d779631) Importer(815301076,1909f56bfc062723c751e8b465ee728b)
Start importing Assets/Game/Prefabs using Guid(be4d69092f07dd94093de8a82d779631) Importer(815301076,1909f56bfc062723c751e8b465ee728b)  -> (artifact id: '988bb2ffb3236a3ca92d667d3be71c32') in 0.005730 seconds
  Import took 0.007598 seconds .

========================================================================
Received Import Request.
  Time since last request: 5.499311 seconds.
  path: Assets/Game/Materials
  artifactKey: Guid(66dafb99f7d97a548b49141c05e36713) Importer(815301076,1909f56bfc062723c751e8b465ee728b)
Start importing Assets/Game/Materials using Guid(66dafb99f7d97a548b49141c05e36713) Importer(815301076,1909f56bfc062723c751e8b465ee728b)  -> (artifact id: '5699b4ed29c89b24ae77fe76c34a86ea') in 0.005894 seconds
  Import took 0.008030 seconds .

========================================================================
Received Import Request.
  Time since last request: 6.328216 seconds.
  path: Assets/Game/Textures
  artifactKey: Guid(0026192dffdeec74b8d530052242aa93) Importer(815301076,1909f56bfc062723c751e8b465ee728b)
Start importing Assets/Game/Textures using Guid(0026192dffdeec74b8d530052242aa93) Importer(815301076,1909f56bfc062723c751e8b465ee728b)  -> (artifact id: '8b9890b85ec5c9c7fb93d7442a916af9') in 0.005692 seconds
  Import took 0.007715 seconds .

========================================================================
Received Import Request.
  Time since last request: 4.660739 seconds.
  path: Assets/Game/Scripts
  artifactKey: Guid(683c42916181ac749b5fc5b409783395) Importer(815301076,1909f56bfc062723c751e8b465ee728b)
Start importing Assets/Game/Scripts using Guid(683c42916181ac749b5fc5b409783395) Importer(815301076,1909f56bfc062723c751e8b465ee728b)  -> (artifact id: '0163c4335d64096d528b51d322bbeb2a') in 0.006060 seconds
  Import took 0.008204 seconds .

========================================================================
Received Import Request.
  Time since last request: 0.000587 seconds.
  path: Assets/Game/Scripts
  artifactKey: Guid(683c42916181ac749b5fc5b409783395) Importer(815301076,1909f56bfc062723c751e8b465ee728b)
Start importing Assets/Game/Scripts using Guid(683c42916181ac749b5fc5b409783395) Importer(815301076,1909f56bfc062723c751e8b465ee728b)  -> (artifact id: '0163c4335d64096d528b51d322bbeb2a') in 0.001857 seconds
  Import took 0.003604 seconds .

AssetImportWorkerClient::OnTransportError - code=2 error=End of file
